<?xml version="1.0" encoding="UTF-8"?>
<testng-results skipped="0" failed="0" ignored="0" total="2" passed="2">
  <reporter-output>
  </reporter-output>
  <suite name="Default suite" duration-ms="11346" started-at="2017-07-06T18:31:19Z" finished-at="2017-07-06T18:31:30Z">
    <groups>
    </groups>
    <test name="Default test" duration-ms="11346" started-at="2017-07-06T18:31:19Z" finished-at="2017-07-06T18:31:30Z">
      <class name="org.apache.maven.testng.git">
        <test-method status="PASS" signature="init()[pri:0, instance:org.apache.maven.testng.git@215be6bb]" name="init" is-config="true" duration-ms="6741" started-at="2017-07-06T19:31:19Z" finished-at="2017-07-06T19:31:26Z">
          <reporter-output>
          </reporter-output>
        </test-method> <!-- init -->
        <test-method status="PASS" signature="f1()[pri:0, instance:org.apache.maven.testng.git@215be6bb]" name="f1" duration-ms="2930" started-at="2017-07-06T19:31:26Z" finished-at="2017-07-06T19:31:29Z">
          <reporter-output>
          </reporter-output>
        </test-method> <!-- f1 -->
        <test-method status="PASS" signature="function()[pri:0, instance:org.apache.maven.testng.git@215be6bb]" name="function" duration-ms="1635" started-at="2017-07-06T19:31:29Z" finished-at="2017-07-06T19:31:30Z">
          <reporter-output>
          </reporter-output>
        </test-method> <!-- function -->
        <test-method status="PASS" signature="f2()[pri:0, instance:org.apache.maven.testng.git@215be6bb]" name="f2" is-config="true" duration-ms="15" started-at="2017-07-06T19:31:30Z" finished-at="2017-07-06T19:31:30Z">
          <reporter-output>
          </reporter-output>
        </test-method> <!-- f2 -->
      </class> <!-- org.apache.maven.testng.git -->
    </test> <!-- Default test -->
  </suite> <!-- Default suite -->
</testng-results>
