<?xml version="1.0" encoding="UTF-8"?>
<testng-results skipped="0" failed="0" ignored="0" total="2" passed="2">
  <reporter-output>
  </reporter-output>
  <suite name="Suite" duration-ms="5704" started-at="2017-05-04T05:25:03Z" finished-at="2017-05-04T05:25:09Z">
    <groups>
    </groups>
    <test name="Test" duration-ms="5704" started-at="2017-05-04T05:25:03Z" finished-at="2017-05-04T05:25:09Z">
      <class name="Testnggit.GitTest">
        <test-method status="PASS" signature="beforeTest()[pri:0, instance:Testnggit.GitTest@20b2475a]" name="beforeTest" is-config="true" duration-ms="7" started-at="2017-05-04T06:25:03Z" finished-at="2017-05-04T06:25:03Z">
          <reporter-output>
          </reporter-output>
        </test-method> <!-- beforeTest -->
        <test-method status="PASS" signature="f1()[pri:0, instance:Testnggit.GitTest@20b2475a]" name="f1" duration-ms="4166" started-at="2017-05-04T06:25:03Z" finished-at="2017-05-04T06:25:07Z">
          <reporter-output>
          </reporter-output>
        </test-method> <!-- f1 -->
        <test-method status="PASS" signature="f4()[pri:0, instance:Testnggit.GitTest@20b2475a]" name="f4" duration-ms="34" started-at="2017-05-04T06:25:07Z" finished-at="2017-05-04T06:25:07Z">
          <reporter-output>
          </reporter-output>
        </test-method> <!-- f4 -->
        <test-method status="PASS" signature="f3()[pri:0, instance:Testnggit.GitTest@20b2475a]" name="f3" is-config="true" duration-ms="1477" started-at="2017-05-04T06:25:07Z" finished-at="2017-05-04T06:25:09Z">
          <reporter-output>
          </reporter-output>
        </test-method> <!-- f3 -->
      </class> <!-- Testnggit.GitTest -->
    </test> <!-- Test -->
  </suite> <!-- Suite -->
</testng-results>
